  Viewer.cpp
  Shadow.cpp
  SceneManager.cpp
  _Main.cpp
  Main.cpp
  InGame.cpp
  GameManager.cpp
  Game.cpp
  BlockManager.cpp
  Board.cpp
  BlockZ.cpp
  BlockT2.cpp
  BlockT.cpp
  BlockS.cpp
  BlockO.cpp
  BlockL.cpp
  BlockJ.cpp
  BlockI.cpp
  BlockD.cpp
  Block.cpp
  Generating Code...
Subject.obj : warning LNK4099: PDB 'vc140.pdb' was not found with 'Subject.obj' or at 'C:\Users\박대연\Documents\GitHub\CPPTetris\x64\Debug\vc140.pdb'; linking object as if no debug info
Observer.obj : warning LNK4099: PDB 'vc140.pdb' was not found with 'Observer.obj' or at 'C:\Users\박대연\Documents\GitHub\CPPTetris\x64\Debug\vc140.pdb'; linking object as if no debug info
InputManager.obj : warning LNK4099: PDB 'vc140.pdb' was not found with 'InputManager.obj' or at 'C:\Users\박대연\Documents\GitHub\CPPTetris\x64\Debug\vc140.pdb'; linking object as if no debug info
Console.obj : warning LNK4099: PDB 'vc140.pdb' was not found with 'Console.obj' or at 'C:\Users\박대연\Documents\GitHub\CPPTetris\x64\Debug\vc140.pdb'; linking object as if no debug info
  C++Tetris.vcxproj -> C:\Users\박대연\Documents\GitHub\CPPTetris\x64\Debug\C++Tetris.exe
